#
# There is insufficient memory for the Java Runtime Environment to continue.
# Native memory allocation (malloc) failed to allocate 216288 bytes for Chunk::new
# Possible reasons:
#   The system is out of physical RAM or swap space
#   In 32 bit mode, the process size limit was hit
# Possible solutions:
#   Reduce memory load on the system
#   Increase physical memory or swap space
#   Check if swap backing store is full
#   Use 64 bit Java on a 64 bit OS
#   Decrease Java heap size (-Xmx/-Xms)
#   Decrease number of Java threads
#   Decrease Java thread stack sizes (-Xss)
#   Set larger code cache with -XX:ReservedCodeCacheSize=
# This output file may be truncated or incomplete.
#
#  Out of Memory Error (allocation.cpp:390), pid=6248, tid=0x0000000000001a4c
#
# JRE version: Java(TM) SE Runtime Environment (8.0_121-b13) (build 1.8.0_121-b13)
# Java VM: Java HotSpot(TM) 64-Bit Server VM (25.121-b13 mixed mode windows-amd64 compressed oops)
# Failed to write core dump. Minidumps are not enabled by default on client versions of Windows
#

---------------  T H R E A D  ---------------

Current thread (0x0000000014f34000):  JavaThread "C2 CompilerThread0" daemon [_thread_in_native, id=6732, stack(0x0000000016580000,0x0000000016680000)]

Stack: [0x0000000016580000,0x0000000016680000]
[error occurred during error reporting (printing stack bounds), id 0xc0000005]

Native frames: (J=compiled Java code, j=interpreted, Vv=VM code, C=native code)


Current CompileTask:
C2:  16634 3069       4       com.android.dx.rop.cst.CstBaseMethodRef::getPrototype (41 bytes)


---------------  P R O C E S S  ---------------

Java Threads: ( => current thread )
  0x0000000014f8e000 JavaThread "Service Thread" daemon [_thread_blocked, id=6504, stack(0x0000000016c80000,0x0000000016d80000)]
  0x0000000014f8c800 JavaThread "C1 CompilerThread2" daemon [_thread_blocked, id=6768, stack(0x0000000016780000,0x0000000016880000)]
  0x000000000283d800 JavaThread "C2 CompilerThread1" daemon [_thread_blocked, id=6736, stack(0x0000000016680000,0x0000000016780000)]
=>0x0000000014f34000 JavaThread "C2 CompilerThread0" daemon [_thread_in_native, id=6732, stack(0x0000000016580000,0x0000000016680000)]
  0x0000000014f31800 JavaThread "Attach Listener" daemon [_thread_blocked, id=6668, stack(0x0000000016480000,0x0000000016580000)]
  0x0000000014f30000 JavaThread "Signal Dispatcher" daemon [_thread_blocked, id=6652, stack(0x0000000016380000,0x0000000016480000)]
  0x0000000014f1a800 JavaThread "Finalizer" daemon [_thread_blocked, id=6580, stack(0x0000000016190000,0x0000000016290000)]
  0x000000000282f000 JavaThread "Reference Handler" daemon [_thread_blocked, id=6564, stack(0x0000000016090000,0x0000000016190000)]
  0x0000000002741000 JavaThread "main" [_thread_in_Java, id=6788, stack(0x00000000024f0000,0x00000000025f0000)]

Other Threads:
  0x0000000014ef8000 VMThread [stack: 0x0000000015f90000,0x0000000016090000] [id=6628]
  0x0000000016887000 WatcherThread [stack: 0x0000000016d80000,0x0000000016e80000] [id=6492]

VM state:not at safepoint (normal execution)

VM Mutex/Monitor currently owned by a thread: None

Heap:
 PSYoungGen      total 288768K, used 33142K [0x00000000eab00000, 0x00000000fea00000, 0x0000000100000000)
  eden space 258560K, 3% used [0x00000000eab00000,0x00000000eb3236a0,0x00000000fa780000)
  from space 30208K, 82% used [0x00000000fc780000,0x00000000fdfba360,0x00000000fe500000)
  to   space 32768K, 0% used [0x00000000fa780000,0x00000000fa780000,0x00000000fc780000)
 ParOldGen       total 87552K, used 46376K [0x00000000c0000000, 0x00000000c5580000, 0x00000000eab00000)
  object space 87552K, 52% used [0x00000000c0000000,0x00000000c2d4a338,0x00000000c5580000)
 Metaspace       used 7112K, capacity 7704K, committed 7936K, reserved 1056768K
  class space    used 664K, capacity 720K, committed 768K, reserved 1048576K

Card table byte_map: [0x0000000011c00000,0x0000000011e10000] byte_map_base: 0x0000000011600000

Marking Bits: (ParMarkBitMap*) 0x0000000064b9b6d0
 Begin Bits: [0x0000000012370000, 0x0000000013370000)
 End Bits:   [0x0000000013370000, 0x0000000014370000)

Polling page: 0x00000000025f0000

CodeCache: size=245760Kb used=9995Kb max_used=11363Kb free=235764Kb
 bounds [0x0000000002840000, 0x0000000003370000, 0x0000000011840000]
 total_blobs=2697 nmethods=2426 adapters=183
 compilation: enabled

Compilation events (10 events):
Event: 16.573 Thread 0x0000000014f34000 3069       4       com.android.dx.rop.cst.CstBaseMethodRef::getPrototype (41 bytes)
Event: 16.574 Thread 0x0000000014f8c800 nmethod 3065 0x0000000002bc6e50 code [0x0000000002bc7160, 0x0000000002bc8c98]
Event: 16.574 Thread 0x0000000014f8c800 3068       3       com.android.dx.dex.code.form.Form22c::writeTo (45 bytes)
Event: 16.574 Thread 0x0000000014f8c800 nmethod 3068 0x0000000002b63350 code [0x0000000002b63560, 0x0000000002b640e8]
Event: 16.574 Thread 0x0000000014f8c800 3066       3       com.android.dx.dex.code.InsnFormat::codeUnit (89 bytes)
Event: 16.575 Thread 0x0000000014f8c800 nmethod 3066 0x0000000002ae1f10 code [0x0000000002ae20c0, 0x0000000002ae25f8]
Event: 16.575 Thread 0x0000000014f8c800 3067       3       com.android.dx.dex.code.form.Form11x::writeTo (22 bytes)
Event: 16.575 Thread 0x0000000014f8c800 nmethod 3067 0x0000000002b34a10 code [0x0000000002b34bc0, 0x0000000002b351c8]
Event: 16.576 Thread 0x0000000014f8c800 3070       3       com.android.dx.dex.code.form.Form21c::writeTo (34 bytes)
Event: 16.576 Thread 0x0000000014f8c800 nmethod 3070 0x00000000029bd090 code [0x00000000029bd260, 0x00000000029bdaa8]

GC Heap History (10 events):
Event: 5.245 GC heap before
{Heap before GC invocations=4 (full 0):
 PSYoungGen      total 38400K, used 38370K [0x00000000eab00000, 0x00000000ef600000, 0x0000000100000000)
  eden space 33280K, 100% used [0x00000000eab00000,0x00000000ecb80000,0x00000000ecb80000)
  from space 5120K, 99% used [0x00000000ecb80000,0x00000000ed078a98,0x00000000ed080000)
  to   space 5120K, 0% used [0x00000000ef100000,0x00000000ef100000,0x00000000ef600000)
 ParOldGen       total 87552K, used 11330K [0x00000000c0000000, 0x00000000c5580000, 0x00000000eab00000)
  object space 87552K, 12% used [0x00000000c0000000,0x00000000c0b108b8,0x00000000c5580000)
 Metaspace       used 6403K, capacity 7192K, committed 7424K, reserved 1056768K
  class space    used 622K, capacity 656K, committed 768K, reserved 1048576K
Event: 5.269 GC heap after
Heap after GC invocations=4 (full 0):
 PSYoungGen      total 71680K, used 5098K [0x00000000eab00000, 0x00000000ef600000, 0x0000000100000000)
  eden space 66560K, 0% used [0x00000000eab00000,0x00000000eab00000,0x00000000eec00000)
  from space 5120K, 99% used [0x00000000ef100000,0x00000000ef5faaa0,0x00000000ef600000)
  to   space 5120K, 0% used [0x00000000eec00000,0x00000000eec00000,0x00000000ef100000)
 ParOldGen       total 87552K, used 15968K [0x00000000c0000000, 0x00000000c5580000, 0x00000000eab00000)
  object space 87552K, 18% used [0x00000000c0000000,0x00000000c0f98230,0x00000000c5580000)
 Metaspace       used 6403K, capacity 7192K, committed 7424K, reserved 1056768K
  class space    used 622K, capacity 656K, committed 768K, reserved 1048576K
}
Event: 5.733 GC heap before
{Heap before GC invocations=5 (full 0):
 PSYoungGen      total 71680K, used 71658K [0x00000000eab00000, 0x00000000ef600000, 0x0000000100000000)
  eden space 66560K, 100% used [0x00000000eab00000,0x00000000eec00000,0x00000000eec00000)
  from space 5120K, 99% used [0x00000000ef100000,0x00000000ef5faaa0,0x00000000ef600000)
  to   space 5120K, 0% used [0x00000000eec00000,0x00000000eec00000,0x00000000ef100000)
 ParOldGen       total 87552K, used 15968K [0x00000000c0000000, 0x00000000c5580000, 0x00000000eab00000)
  object space 87552K, 18% used [0x00000000c0000000,0x00000000c0f98230,0x00000000c5580000)
 Metaspace       used 6537K, capacity 7192K, committed 7424K, reserved 1056768K
  class space    used 641K, capacity 656K, committed 768K, reserved 1048576K
Event: 5.801 GC heap after
Heap after GC invocations=5 (full 0):
 PSYoungGen      total 71680K, used 5101K [0x00000000eab00000, 0x00000000f4c00000, 0x0000000100000000)
  eden space 66560K, 0% used [0x00000000eab00000,0x00000000eab00000,0x00000000eec00000)
  from space 5120K, 99% used [0x00000000eec00000,0x00000000ef0fb5d8,0x00000000ef100000)
  to   space 15872K, 0% used [0x00000000f3c80000,0x00000000f3c80000,0x00000000f4c00000)
 ParOldGen       total 87552K, used 26636K [0x00000000c0000000, 0x00000000c5580000, 0x00000000eab00000)
  object space 87552K, 30% used [0x00000000c0000000,0x00000000c1a032f8,0x00000000c5580000)
 Metaspace       used 6537K, capacity 7192K, committed 7424K, reserved 1056768K
  class space    used 641K, capacity 656K, committed 768K, reserved 1048576K
}
Event: 6.294 GC heap before
{Heap before GC invocations=6 (full 0):
 PSYoungGen      total 71680K, used 71661K [0x00000000eab00000, 0x00000000f4c00000, 0x0000000100000000)
  eden space 66560K, 100% used [0x00000000eab00000,0x00000000eec00000,0x00000000eec00000)
  from space 5120K, 99% used [0x00000000eec00000,0x00000000ef0fb5d8,0x00000000ef100000)
  to   space 15872K, 0% used [0x00000000f3c80000,0x00000000f3c80000,0x00000000f4c00000)
 ParOldGen       total 87552K, used 26636K [0x00000000c0000000, 0x00000000c5580000, 0x00000000eab00000)
  object space 87552K, 30% used [0x00000000c0000000,0x00000000c1a032f8,0x00000000c5580000)
 Metaspace       used 6553K, capacity 7192K, committed 7424K, reserved 1056768K
  class space    used 641K, capacity 656K, committed 768K, reserved 1048576K
Event: 6.328 GC heap after
Heap after GC invocations=6 (full 0):
 PSYoungGen      total 146432K, used 15868K [0x00000000eab00000, 0x00000000f5100000, 0x0000000100000000)
  eden space 130560K, 0% used [0x00000000eab00000,0x00000000eab00000,0x00000000f2a80000)
  from space 15872K, 99% used [0x00000000f3c80000,0x00000000f4bff158,0x00000000f4c00000)
  to   space 18432K, 0% used [0x00000000f2a80000,0x00000000f2a80000,0x00000000f3c80000)
 ParOldGen       total 87552K, used 27170K [0x00000000c0000000, 0x00000000c5580000, 0x00000000eab00000)
  object space 87552K, 31% used [0x00000000c0000000,0x00000000c1a88918,0x00000000c5580000)
 Metaspace       used 6553K, capacity 7192K, committed 7424K, reserved 1056768K
  class space    used 641K, capacity 656K, committed 768K, reserved 1048576K
}
Event: 9.435 GC heap before
{Heap before GC invocations=7 (full 0):
 PSYoungGen      total 146432K, used 146428K [0x00000000eab00000, 0x00000000f5100000, 0x0000000100000000)
  eden space 130560K, 100% used [0x00000000eab00000,0x00000000f2a80000,0x00000000f2a80000)
  from space 15872K, 99% used [0x00000000f3c80000,0x00000000f4bff158,0x00000000f4c00000)
  to   space 18432K, 0% used [0x00000000f2a80000,0x00000000f2a80000,0x00000000f3c80000)
 ParOldGen       total 87552K, used 27170K [0x00000000c0000000, 0x00000000c5580000, 0x00000000eab00000)
  object space 87552K, 31% used [0x00000000c0000000,0x00000000c1a88918,0x00000000c5580000)
 Metaspace       used 6626K, capacity 7256K, committed 7424K, reserved 1056768K
  class space    used 642K, capacity 656K, committed 768K, reserved 1048576K
Event: 9.612 GC heap after
Heap after GC invocations=7 (full 0):
 PSYoungGen      total 148992K, used 18423K [0x00000000eab00000, 0x00000000fe500000, 0x0000000100000000)
  eden space 130560K, 0% used [0x00000000eab00000,0x00000000eab00000,0x00000000f2a80000)
  from space 18432K, 99% used [0x00000000f2a80000,0x00000000f3c7def0,0x00000000f3c80000)
  to   space 30208K, 0% used [0x00000000fc780000,0x00000000fc780000,0x00000000fe500000)
 ParOldGen       total 87552K, used 45432K [0x00000000c0000000, 0x00000000c5580000, 0x00000000eab00000)
  object space 87552K, 51% used [0x00000000c0000000,0x00000000c2c5e118,0x00000000c5580000)
 Metaspace       used 6626K, capacity 7256K, committed 7424K, reserved 1056768K
  class space    used 642K, capacity 656K, committed 768K, reserved 1048576K
}
Event: 15.881 GC heap before
{Heap before GC invocations=8 (full 0):
 PSYoungGen      total 148992K, used 148983K [0x00000000eab00000, 0x00000000fe500000, 0x0000000100000000)
  eden space 130560K, 100% used [0x00000000eab00000,0x00000000f2a80000,0x00000000f2a80000)
  from space 18432K, 99% used [0x00000000f2a80000,0x00000000f3c7def0,0x00000000f3c80000)
  to   space 30208K, 0% used [0x00000000fc780000,0x00000000fc780000,0x00000000fe500000)
 ParOldGen       total 87552K, used 45432K [0x00000000c0000000, 0x00000000c5580000, 0x00000000eab00000)
  object space 87552K, 51% used [0x00000000c0000000,0x00000000c2c5e118,0x00000000c5580000)
 Metaspace       used 7033K, capacity 7640K, committed 7936K, reserved 1056768K
  class space    used 662K, capacity 720K, committed 768K, reserved 1048576K
Event: 16.051 GC heap after
Heap after GC invocations=8 (full 0):
 PSYoungGen      total 288768K, used 24808K [0x00000000eab00000, 0x00000000fea00000, 0x0000000100000000)
  eden space 258560K, 0% used [0x00000000eab00000,0x00000000eab00000,0x00000000fa780000)
  from space 30208K, 82% used [0x00000000fc780000,0x00000000fdfba360,0x00000000fe500000)
  to   space 32768K, 0% used [0x00000000fa780000,0x00000000fa780000,0x00000000fc780000)
 ParOldGen       total 87552K, used 46376K [0x00000000c0000000, 0x00000000c5580000, 0x00000000eab00000)
  object space 87552K, 52% used [0x00000000c0000000,0x00000000c2d4a338,0x00000000c5580000)
 Metaspace       used 7033K, capacity 7640K, committed 7936K, reserved 1056768K
  class space    used 662K, capacity 720K, committed 768K, reserved 1048576K
}

Deoptimization events (10 events):
Event: 14.018 Thread 0x0000000002741000 Uncommon trap: reason=unstable_if action=reinterpret pc=0x00000000032b9ea0 method=com.android.dx.rop.code.RegisterSpec.matchesVariable(Lcom/android/dx/rop/code/RegisterSpec;)Z @ 59
Event: 14.350 Thread 0x0000000002741000 Uncommon trap: reason=unstable_if action=reinterpret pc=0x00000000032f9be0 method=com.android.dx.dex.code.OutputFinisher.align64bits([Lcom/android/dx/dex/code/Dop;)V @ 172
Event: 14.746 Thread 0x0000000002741000 Uncommon trap: reason=unstable_if action=reinterpret pc=0x0000000003333dd4 method=com.android.dx.dex.code.OutputFinisher.align64bits([Lcom/android/dx/dex/code/Dop;)V @ 205
Event: 14.747 Thread 0x0000000002741000 Uncommon trap: reason=unstable_if action=reinterpret pc=0x00000000032f010c method=com.android.dx.dex.code.OutputFinisher.align64bits([Lcom/android/dx/dex/code/Dop;)V @ 172
Event: 14.768 Thread 0x0000000002741000 Uncommon trap: reason=unstable_if action=reinterpret pc=0x00000000032d1300 method=com.android.dx.dex.code.LocalList$MakeState.snapshot(ILcom/android/dx/rop/code/RegisterSpecSet;)V @ 86
Event: 15.348 Thread 0x0000000002741000 Uncommon trap: reason=predicate action=maybe_recompile pc=0x0000000002b7c3b8 method=java.util.ComparableTimSort.binarySort([Ljava/lang/Object;III)V @ 37
Event: 15.441 Thread 0x0000000002741000 Uncommon trap: reason=unstable_if action=reinterpret pc=0x00000000031852f4 method=java.util.ArrayList.<init>(I)V @ 5
Event: 15.703 Thread 0x0000000002741000 Uncommon trap: reason=unstable_if action=reinterpret pc=0x0000000002b77d3c method=com.android.dx.dex.file.DebugInfoEncoder.emitLocalsAtAddress(I)I @ 137
Event: 16.090 Thread 0x0000000002741000 Uncommon trap: reason=unstable_if action=reinterpret pc=0x0000000002bd0a3c method=java.lang.Long.numberOfTrailingZeros(J)I @ 3
Event: 16.272 Thread 0x0000000002741000 Uncommon trap: reason=unstable_if action=reinterpret pc=0x0000000002bf0384 method=com.android.dx.util.ByteArrayAnnotatedOutput.writeByte(I)V @ 13

Internal exceptions (8 events):
Event: 2.002 Thread 0x0000000002741000 Exception <a 'java/lang/NoSuchMethodError': Method sun.misc.Unsafe.defineClass(Ljava/lang/String;[BII)Ljava/lang/Class; name or signature does not match> (0x00000000eab07ca8) thrown at [C:\re\workspace\8-2-build-windows-amd64-cygwin\jdk8u121\8372\hotspot\
Event: 2.002 Thread 0x0000000002741000 Exception <a 'java/lang/NoSuchMethodError': Method sun.misc.Unsafe.prefetchRead(Ljava/lang/Object;J)V name or signature does not match> (0x00000000eab07f90) thrown at [C:\re\workspace\8-2-build-windows-amd64-cygwin\jdk8u121\8372\hotspot\src\share\vm\prims
Event: 3.746 Thread 0x0000000016af3800 Implicit null exception at 0x0000000002c355c9 to 0x0000000002c36191
Event: 3.760 Thread 0x0000000016af7000 Implicit null exception at 0x0000000002c20666 to 0x0000000002c21001
Event: 5.670 Thread 0x0000000016af7000 Exception <a 'java/lang/ArrayIndexOutOfBoundsException': 18> (0x00000000ee85cde8) thrown at [C:\re\workspace\8-2-build-windows-amd64-cygwin\jdk8u121\8372\hotspot\src\share\vm\interpreter\interpreterRuntime.cpp, line 366]
Event: 5.672 Thread 0x0000000016af7000 Exception <a 'java/lang/ArrayIndexOutOfBoundsException'> (0x00000000ee85e968) thrown at [C:\re\workspace\8-2-build-windows-amd64-cygwin\jdk8u121\8372\hotspot\src\share\vm\runtime\sharedRuntime.cpp, line 605]
Event: 5.673 Thread 0x0000000016af7000 Exception <a 'java/lang/ArrayIndexOutOfBoundsException'> (0x00000000ee85fc50) thrown at [C:\re\workspace\8-2-build-windows-amd64-cygwin\jdk8u121\8372\hotspot\src\share\vm\runtime\sharedRuntime.cpp, line 605]
Event: 7.547 Thread 0x0000000016af7000 Implicit null exception at 0x0000000002f394cf to 0x0000000002f3afd5

Events (10 events):
Event: 16.090 Thread 0x0000000002741000 Uncommon trap: trap_request=0xffffff65 fr.pc=0x0000000002bd0a3c
Event: 16.090 Thread 0x0000000002741000 DEOPT PACKING pc=0x0000000002bd0a3c sp=0x00000000025ef0d0
Event: 16.090 Thread 0x0000000002741000 DEOPT UNPACKING pc=0x000000000288582a sp=0x00000000025ef060 mode 2
Event: 16.233 loading class com/android/dx/dex/file/MapItem
Event: 16.233 loading class com/android/dx/dex/file/MapItem done
Event: 16.271 loading class com/android/dex/DexFormat
Event: 16.271 loading class com/android/dex/DexFormat done
Event: 16.272 Thread 0x0000000002741000 Uncommon trap: trap_request=0xffffff65 fr.pc=0x0000000002bf0384
Event: 16.272 Thread 0x0000000002741000 DEOPT PACKING pc=0x0000000002bf0384 sp=0x00000000025ef300
Event: 16.272 Thread 0x0000000002741000 DEOPT UNPACKING pc=0x000000000288582a sp=0x00000000025ef2b8 mode 2


Dynamic libraries:
0x00007ff767af0000 - 0x00007ff767b27000 	C:\Program Files\Java\jdk1.8.0_121\bin\java.exe
0x00007ff87ada0000 - 0x00007ff87af71000 	C:\Windows\SYSTEM32\ntdll.dll
0x00007ff878730000 - 0x00007ff8787db000 	C:\Windows\System32\KERNEL32.DLL
0x00007ff877860000 - 0x00007ff877a7d000 	C:\Windows\System32\KERNELBASE.dll
0x00007ff87a220000 - 0x00007ff87a2c2000 	C:\Windows\System32\ADVAPI32.dll
0x00007ff87aa50000 - 0x00007ff87aaee000 	C:\Windows\System32\msvcrt.dll
0x00007ff87a880000 - 0x00007ff87a8d9000 	C:\Windows\System32\sechost.dll
0x00007ff87a710000 - 0x00007ff87a831000 	C:\Windows\System32\RPCRT4.dll
0x00007ff87ab60000 - 0x00007ff87acc5000 	C:\Windows\System32\USER32.dll
0x00007ff877630000 - 0x00007ff87764e000 	C:\Windows\System32\win32u.dll
0x00007ff87a840000 - 0x00007ff87a874000 	C:\Windows\System32\GDI32.dll
0x00007ff877440000 - 0x00007ff8775c2000 	C:\Windows\System32\gdi32full.dll
0x00007ff86ccf0000 - 0x00007ff86cf6a000 	C:\Windows\WinSxS\amd64_microsoft.windows.common-controls_6595b64144ccf1df_6.0.14393.953_none_42151e83c686086b\COMCTL32.dll
0x00007ff87a2d0000 - 0x00007ff87a598000 	C:\Windows\System32\combase.dll
0x00007ff877650000 - 0x00007ff877745000 	C:\Windows\System32\ucrtbase.dll
0x00007ff877750000 - 0x00007ff8777ba000 	C:\Windows\System32\bcryptPrimitives.dll
0x00007ff878330000 - 0x00007ff87835e000 	C:\Windows\System32\IMM32.DLL
0x00007ff877110000 - 0x00007ff877140000 	C:\Windows\system32\DriverStore\FileRepository\nvltwu.inf_amd64_0221ce4ec0827f74\nvinitx.dll
0x00007ff877100000 - 0x00007ff87710a000 	C:\Windows\SYSTEM32\VERSION.dll
0x00007ff878d10000 - 0x00007ff87a219000 	C:\Windows\System32\Shell32.dll
0x00007ff8773f0000 - 0x00007ff877432000 	C:\Windows\System32\cfgmgr32.dll
0x00007ff877a80000 - 0x00007ff87815a000 	C:\Windows\System32\windows.storage.dll
0x00007ff877200000 - 0x00007ff87724c000 	C:\Windows\System32\powrprof.dll
0x00007ff878530000 - 0x00007ff878582000 	C:\Windows\System32\shlwapi.dll
0x00007ff877280000 - 0x00007ff87728f000 	C:\Windows\System32\kernel.appcore.dll
0x00007ff877290000 - 0x00007ff877339000 	C:\Windows\System32\shcore.dll
0x00007ff877260000 - 0x00007ff877274000 	C:\Windows\System32\profapi.dll
0x0000000064c20000 - 0x0000000064cf2000 	C:\Program Files\Java\jdk1.8.0_121\jre\bin\msvcr100.dll
0x0000000064380000 - 0x0000000064c1b000 	C:\Program Files\Java\jdk1.8.0_121\jre\bin\server\jvm.dll
0x00007ff87a700000 - 0x00007ff87a708000 	C:\Windows\System32\PSAPI.DLL
0x00007ff872190000 - 0x00007ff872199000 	C:\Windows\SYSTEM32\WSOCK32.dll
0x00007ff87aaf0000 - 0x00007ff87ab5a000 	C:\Windows\System32\WS2_32.dll
0x00007ff8750c0000 - 0x00007ff8750e3000 	C:\Windows\SYSTEM32\WINMM.dll
0x00007ff875090000 - 0x00007ff8750bb000 	C:\Windows\SYSTEM32\WINMMBASE.dll
0x0000000064370000 - 0x000000006437f000 	C:\Program Files\Java\jdk1.8.0_121\jre\bin\verify.dll
0x0000000064340000 - 0x0000000064369000 	C:\Program Files\Java\jdk1.8.0_121\jre\bin\java.dll
0x0000000064320000 - 0x0000000064336000 	C:\Program Files\Java\jdk1.8.0_121\jre\bin\zip.dll

VM Arguments:
jvm_args: -Djava.awt.headless=true -Xmx1024M -Dfile.encoding=windows-1251 -Duser.country=RU -Duser.language=ru -Duser.variant 
java_command: com.android.dx.command.Main --dex --num-threads=4 --output D:\Project\Portfolio\Test - PropertyCrossApp\android\app\build\intermediates\pre-dexed\debug\com.android.support-support-v4-23.4.0_461a954b302910de6efaec2a1e1c3032b2d54ddf.jar D:\Project\Portfolio\Test - PropertyCrossApp\android\app\build\intermediates\exploded-aar\com.android.support\support-v4\23.4.0\jars\classes.jar
java_class_path (initial): C:\Users\Vladislav\AppData\Local\Android\sdk\build-tools\23.0.1\lib\dx.jar
Launcher Type: SUN_STANDARD

Environment Variables:
JAVA_HOME=C:\Program Files\Java\jdk1.8.0_121
CLASSPATH=D:\Project\Portfolio\Test - PropertyCrossApp\android\\gradle\wrapper\gradle-wrapper.jar
PATH=C:\ProgramData\Oracle\Java\javapath;C:\Windows\system32;C:\Windows;C:\Windows\System32\Wbem;C:\Windows\System32\WindowsPowerShell\v1.0\;C:\Program Files (x86)\NVIDIA Corporation\PhysX\Common;C:\Program Files (x86)\Skype\Phone\;C:\Program Files\MATLAB\R2016a\runtime\win64;C:\Program Files\MATLAB\R2016a\bin;C:\Program Files\MATLAB\R2016a\polyspace\bin;C:\Program Files\nodejs\;C:\Program Files\Git\cmd;C:\Users\Vladislav\AppData\Local\Microsoft\WindowsApps;C:\Users\Vladislav\AppData\Roaming\npm
USERNAME=Vladislav
OS=Windows_NT
PROCESSOR_IDENTIFIER=Intel64 Family 6 Model 42 Stepping 7, GenuineIntel



---------------  S Y S T E M  ---------------

OS: Windows 10.0 , 64 bit Build 14393 (10.0.14393.0)

CPU:total 4 (2 cores per cpu, 2 threads per core) family 6 model 42 stepping 7, cmov, cx8, fxsr, mmx, sse, sse2, sse3, ssse3, sse4.1, sse4.2, popcnt, avx, aes, clmul, ht, tsc, tscinvbit

Memory: 4k page, physical 8300684k(1658736k free), swap 8300684k(3404k free)

vm_info: Java HotSpot(TM) 64-Bit Server VM (25.121-b13) for windows-amd64 JRE (1.8.0_121-b13), built on Dec 12 2016 18:21:36 by "java_re" with MS VC++ 10.0 (VS2010)

time: Tue Mar 21 11:24:01 2017
elapsed time: 16 seconds (0d 0h 0m 16s)

