#
# There is insufficient memory for the Java Runtime Environment to continue.
# Native memory allocation (malloc) failed to allocate 1048576 bytes for AllocateHeap
# Possible reasons:
#   The system is out of physical RAM or swap space
#   In 32 bit mode, the process size limit was hit
# Possible solutions:
#   Reduce memory load on the system
#   Increase physical memory or swap space
#   Check if swap backing store is full
#   Use 64 bit Java on a 64 bit OS
#   Decrease Java heap size (-Xmx/-Xms)
#   Decrease number of Java threads
#   Decrease Java thread stack sizes (-Xss)
#   Set larger code cache with -XX:ReservedCodeCacheSize=
# This output file may be truncated or incomplete.
#
#  Out of Memory Error (memory/allocation.inline.hpp:61), pid=6416, tid=0x0000000000000edc
#
# JRE version:  (8.0_121-b13) (build )
# Java VM: Java HotSpot(TM) 64-Bit Server VM (25.121-b13 mixed mode windows-amd64 compressed oops)
# Failed to write core dump. Minidumps are not enabled by default on client versions of Windows
#

---------------  T H R E A D  ---------------

Current thread (0x0000000002261000):  JavaThread "Unknown thread" [_thread_in_vm, id=3804, stack(0x0000000001ff0000,0x00000000020f0000)]

Stack: [0x0000000001ff0000,0x00000000020f0000]
[error occurred during error reporting (printing stack bounds), id 0xc0000005]

Native frames: (J=compiled Java code, j=interpreted, Vv=VM code, C=native code)


---------------  P R O C E S S  ---------------

Java Threads: ( => current thread )

Other Threads:

=>0x0000000002261000 (exited) JavaThread "Unknown thread" [_thread_in_vm, id=3804, stack(0x0000000001ff0000,0x00000000020f0000)]

VM state:not at safepoint (normal execution)

VM Mutex/Monitor currently owned by a thread: None

Heap:
 PSYoungGen      total 38400K, used 665K [0x00000000eab00000, 0x00000000ed580000, 0x0000000100000000)
  eden space 33280K, 2% used [0x00000000eab00000,0x00000000eaba6670,0x00000000ecb80000)
  from space 5120K, 0% used [0x00000000ed080000,0x00000000ed080000,0x00000000ed580000)
  to   space 5120K, 0% used [0x00000000ecb80000,0x00000000ecb80000,0x00000000ed080000)
 ParOldGen       total 87552K, used 0K [0x00000000c0000000, 0x00000000c5580000, 0x00000000eab00000)
  object space 87552K, 0% used [0x00000000c0000000,0x00000000c0000000,0x00000000c5580000)
 Metaspace       used 770K, capacity 4480K, committed 4480K, reserved 1056768K
  class space    used 75K, capacity 384K, committed 384K, reserved 1048576K

Card table byte_map: [0x0000000011720000,0x0000000011930000] byte_map_base: 0x0000000011120000

Marking Bits: (ParMarkBitMap*) 0x0000000064b9b6d0
 Begin Bits: [0x0000000011e90000, 0x0000000012e90000)
 End Bits:   [0x0000000012e90000, 0x0000000013e90000)

Polling page: 0x0000000000500000

CodeCache: size=245760Kb used=328Kb max_used=328Kb free=245431Kb
 bounds [0x0000000002360000, 0x00000000025d0000, 0x0000000011360000]
 total_blobs=58 nmethods=0 adapters=38
 compilation: enabled

Compilation events (0 events):
No events

GC Heap History (0 events):
No events

Deoptimization events (0 events):
No events

Internal exceptions (0 events):
No events

Events (10 events):
Event: 0.972 loading class java/lang/Short
Event: 0.972 loading class java/lang/Short done
Event: 0.972 loading class java/lang/Integer
Event: 0.972 loading class java/lang/Integer done
Event: 0.972 loading class java/lang/Long
Event: 0.973 loading class java/lang/Long done
Event: 0.976 loading class java/lang/NullPointerException
Event: 0.976 loading class java/lang/NullPointerException done
Event: 0.976 loading class java/lang/ArithmeticException
Event: 0.976 loading class java/lang/ArithmeticException done


Dynamic libraries:
0x00007ff767af0000 - 0x00007ff767b27000 	C:\Program Files\Java\jdk1.8.0_121\bin\java.exe
0x00007ff87ada0000 - 0x00007ff87af71000 	C:\Windows\SYSTEM32\ntdll.dll
0x00007ff878730000 - 0x00007ff8787db000 	C:\Windows\System32\KERNEL32.DLL
0x00007ff877860000 - 0x00007ff877a7d000 	C:\Windows\System32\KERNELBASE.dll
0x00007ff87a220000 - 0x00007ff87a2c2000 	C:\Windows\System32\ADVAPI32.dll
0x00007ff87aa50000 - 0x00007ff87aaee000 	C:\Windows\System32\msvcrt.dll
0x00007ff87a880000 - 0x00007ff87a8d9000 	C:\Windows\System32\sechost.dll
0x00007ff87a710000 - 0x00007ff87a831000 	C:\Windows\System32\RPCRT4.dll
0x00007ff87ab60000 - 0x00007ff87acc5000 	C:\Windows\System32\USER32.dll
0x00007ff877630000 - 0x00007ff87764e000 	C:\Windows\System32\win32u.dll
0x00007ff87a840000 - 0x00007ff87a874000 	C:\Windows\System32\GDI32.dll
0x00007ff877440000 - 0x00007ff8775c2000 	C:\Windows\System32\gdi32full.dll
0x00007ff86ccf0000 - 0x00007ff86cf6a000 	C:\Windows\WinSxS\amd64_microsoft.windows.common-controls_6595b64144ccf1df_6.0.14393.953_none_42151e83c686086b\COMCTL32.dll
0x00007ff87a2d0000 - 0x00007ff87a598000 	C:\Windows\System32\combase.dll
0x00007ff877650000 - 0x00007ff877745000 	C:\Windows\System32\ucrtbase.dll
0x00007ff877750000 - 0x00007ff8777ba000 	C:\Windows\System32\bcryptPrimitives.dll
0x00007ff878330000 - 0x00007ff87835e000 	C:\Windows\System32\IMM32.DLL
0x00007ff877110000 - 0x00007ff877140000 	C:\Windows\system32\DriverStore\FileRepository\nvltwu.inf_amd64_0221ce4ec0827f74\nvinitx.dll
0x00007ff877100000 - 0x00007ff87710a000 	C:\Windows\SYSTEM32\VERSION.dll
0x00007ff878d10000 - 0x00007ff87a219000 	C:\Windows\System32\Shell32.dll
0x00007ff8773f0000 - 0x00007ff877432000 	C:\Windows\System32\cfgmgr32.dll
0x00007ff877a80000 - 0x00007ff87815a000 	C:\Windows\System32\windows.storage.dll
0x00007ff877200000 - 0x00007ff87724c000 	C:\Windows\System32\powrprof.dll
0x00007ff878530000 - 0x00007ff878582000 	C:\Windows\System32\shlwapi.dll
0x00007ff877280000 - 0x00007ff87728f000 	C:\Windows\System32\kernel.appcore.dll
0x00007ff877290000 - 0x00007ff877339000 	C:\Windows\System32\shcore.dll
0x00007ff877260000 - 0x00007ff877274000 	C:\Windows\System32\profapi.dll
0x0000000064c20000 - 0x0000000064cf2000 	C:\Program Files\Java\jdk1.8.0_121\jre\bin\msvcr100.dll
0x0000000064380000 - 0x0000000064c1b000 	C:\Program Files\Java\jdk1.8.0_121\jre\bin\server\jvm.dll
0x00007ff87a700000 - 0x00007ff87a708000 	C:\Windows\System32\PSAPI.DLL
0x00007ff872190000 - 0x00007ff872199000 	C:\Windows\SYSTEM32\WSOCK32.dll
0x00007ff87aaf0000 - 0x00007ff87ab5a000 	C:\Windows\System32\WS2_32.dll
0x00007ff8750c0000 - 0x00007ff8750e3000 	C:\Windows\SYSTEM32\WINMM.dll
0x00007ff875090000 - 0x00007ff8750bb000 	C:\Windows\SYSTEM32\WINMMBASE.dll
0x0000000064370000 - 0x000000006437f000 	C:\Program Files\Java\jdk1.8.0_121\jre\bin\verify.dll
0x0000000064340000 - 0x0000000064369000 	C:\Program Files\Java\jdk1.8.0_121\jre\bin\java.dll
0x0000000064320000 - 0x0000000064336000 	C:\Program Files\Java\jdk1.8.0_121\jre\bin\zip.dll

VM Arguments:
jvm_args: -Djava.awt.headless=true -Xmx1024M -Dfile.encoding=windows-1251 -Duser.country=RU -Duser.language=ru -Duser.variant 
java_command: com.android.dx.command.Main --dex --num-threads=4 --output D:\Project\Portfolio\Test - PropertyCrossApp\android\app\build\intermediates\pre-dexed\debug\com.facebook.fbui.textlayoutbuilder-textlayoutbuilder-1.0.0_79005bb750ad53fd7c0b3c0294ed783ee3d39443.jar D:\Project\Portfolio\Test - PropertyCrossApp\android\app\build\intermediates\exploded-aar\com.facebook.fbui.textlayoutbuilder\textlayoutbuilder\1.0.0\jars\classes.jar
java_class_path (initial): C:\Users\Vladislav\AppData\Local\Android\sdk\build-tools\23.0.1\lib\dx.jar
Launcher Type: SUN_STANDARD

Environment Variables:
JAVA_HOME=C:\Program Files\Java\jdk1.8.0_121
CLASSPATH=D:\Project\Portfolio\Test - PropertyCrossApp\android\\gradle\wrapper\gradle-wrapper.jar
PATH=C:\ProgramData\Oracle\Java\javapath;C:\Windows\system32;C:\Windows;C:\Windows\System32\Wbem;C:\Windows\System32\WindowsPowerShell\v1.0\;C:\Program Files (x86)\NVIDIA Corporation\PhysX\Common;C:\Program Files (x86)\Skype\Phone\;C:\Program Files\MATLAB\R2016a\runtime\win64;C:\Program Files\MATLAB\R2016a\bin;C:\Program Files\MATLAB\R2016a\polyspace\bin;C:\Program Files\nodejs\;C:\Program Files\Git\cmd;C:\Users\Vladislav\AppData\Local\Microsoft\WindowsApps;C:\Users\Vladislav\AppData\Roaming\npm
USERNAME=Vladislav
OS=Windows_NT
PROCESSOR_IDENTIFIER=Intel64 Family 6 Model 42 Stepping 7, GenuineIntel



---------------  S Y S T E M  ---------------

OS: Windows 10.0 , 64 bit Build 14393 (10.0.14393.0)

CPU:total 4 (2 cores per cpu, 2 threads per core) family 6 model 42 stepping 7, cmov, cx8, fxsr, mmx, sse, sse2, sse3, ssse3, sse4.1, sse4.2, popcnt, avx, aes, clmul, ht, tsc, tscinvbit

Memory: 4k page, physical 8300684k(2092476k free), swap 8300684k(529344k free)

vm_info: Java HotSpot(TM) 64-Bit Server VM (25.121-b13) for windows-amd64 JRE (1.8.0_121-b13), built on Dec 12 2016 18:21:36 by "java_re" with MS VC++ 10.0 (VS2010)

time: Tue Mar 21 11:24:01 2017
elapsed time: 1 seconds (0d 0h 0m 1s)

