#
# There is insufficient memory for the Java Runtime Environment to continue.
# Native memory allocation (malloc) failed to allocate 598256 bytes for Chunk::new
# Possible reasons:
#   The system is out of physical RAM or swap space
#   In 32 bit mode, the process size limit was hit
# Possible solutions:
#   Reduce memory load on the system
#   Increase physical memory or swap space
#   Check if swap backing store is full
#   Use 64 bit Java on a 64 bit OS
#   Decrease Java heap size (-Xmx/-Xms)
#   Decrease number of Java threads
#   Decrease Java thread stack sizes (-Xss)
#   Set larger code cache with -XX:ReservedCodeCacheSize=
# This output file may be truncated or incomplete.
#
#  Out of Memory Error (allocation.cpp:390), pid=6480, tid=0x000000000000198c
#
# JRE version: Java(TM) SE Runtime Environment (8.0_121-b13) (build 1.8.0_121-b13)
# Java VM: Java HotSpot(TM) 64-Bit Server VM (25.121-b13 mixed mode windows-amd64 compressed oops)
# Failed to write core dump. Minidumps are not enabled by default on client versions of Windows
#

---------------  T H R E A D  ---------------

Current thread (0x0000000014ba4800):  JavaThread "C2 CompilerThread0" daemon [_thread_in_native, id=6540, stack(0x0000000016200000,0x0000000016300000)]

Stack: [0x0000000016200000,0x0000000016300000]
[error occurred during error reporting (printing stack bounds), id 0xc0000005]

Native frames: (J=compiled Java code, j=interpreted, Vv=VM code, C=native code)


Current CompileTask:
C2:  13535 2231   !   4       com.android.dx.cf.code.BytecodeArray::parseInstruction (2764 bytes)


---------------  P R O C E S S  ---------------

Java Threads: ( => current thread )
  0x00000000166c8000 JavaThread "pool-1-thread-4" [_thread_blocked, id=6404, stack(0x0000000016f00000,0x0000000017000000)]
  0x00000000166c7000 JavaThread "pool-1-thread-3" [_thread_blocked, id=6436, stack(0x0000000016e00000,0x0000000016f00000)]
  0x00000000166c6800 JavaThread "pool-1-thread-2" [_thread_blocked, id=6444, stack(0x0000000016d00000,0x0000000016e00000)]
  0x00000000166c5800 JavaThread "pool-2-thread-1" [_thread_blocked, id=6516, stack(0x0000000016c00000,0x0000000016d00000)]
  0x00000000166c3000 JavaThread "pool-1-thread-1" [_thread_blocked, id=6460, stack(0x0000000016b00000,0x0000000016c00000)]
  0x000000001640d000 JavaThread "Service Thread" daemon [_thread_blocked, id=6620, stack(0x0000000016900000,0x0000000016a00000)]
  0x00000000024ce800 JavaThread "C1 CompilerThread2" daemon [_thread_blocked, id=6584, stack(0x0000000016800000,0x0000000016900000)]
  0x00000000024ca000 JavaThread "C2 CompilerThread1" daemon [_thread_in_native, id=6528, stack(0x0000000016300000,0x0000000016400000)]
=>0x0000000014ba4800 JavaThread "C2 CompilerThread0" daemon [_thread_in_native, id=6540, stack(0x0000000016200000,0x0000000016300000)]
  0x0000000014ba2000 JavaThread "Attach Listener" daemon [_thread_blocked, id=6396, stack(0x0000000016100000,0x0000000016200000)]
  0x0000000014b9a800 JavaThread "Signal Dispatcher" daemon [_thread_blocked, id=6552, stack(0x0000000016000000,0x0000000016100000)]
  0x0000000014b8a800 JavaThread "Finalizer" daemon [_thread_blocked, id=6856, stack(0x0000000015e10000,0x0000000015f10000)]
  0x00000000024bf000 JavaThread "Reference Handler" daemon [_thread_blocked, id=6840, stack(0x0000000015d10000,0x0000000015e10000)]
  0x00000000023d1000 JavaThread "main" [_thread_blocked, id=6684, stack(0x0000000002110000,0x0000000002210000)]

Other Threads:
  0x0000000014b68000 VMThread [stack: 0x0000000015c10000,0x0000000015d10000] [id=6860]
  0x0000000016403800 WatcherThread [stack: 0x0000000016a00000,0x0000000016b00000] [id=6700]

VM state:not at safepoint (normal execution)

VM Mutex/Monitor currently owned by a thread: None

Heap:
 PSYoungGen      total 289792K, used 48667K [0x00000000eab00000, 0x00000000fef00000, 0x0000000100000000)
  eden space 261632K, 8% used [0x00000000eab00000,0x00000000ec0a9048,0x00000000faa80000)
  from space 28160K, 94% used [0x00000000fca80000,0x00000000fe45dbd0,0x00000000fe600000)
  to   space 32768K, 0% used [0x00000000faa80000,0x00000000faa80000,0x00000000fca80000)
 ParOldGen       total 87552K, used 50085K [0x00000000c0000000, 0x00000000c5580000, 0x00000000eab00000)
  object space 87552K, 57% used [0x00000000c0000000,0x00000000c30e97a0,0x00000000c5580000)
 Metaspace       used 6496K, capacity 7256K, committed 7424K, reserved 1056768K
  class space    used 631K, capacity 656K, committed 768K, reserved 1048576K

Card table byte_map: [0x0000000011890000,0x0000000011aa0000] byte_map_base: 0x0000000011290000

Marking Bits: (ParMarkBitMap*) 0x0000000064b9b6d0
 Begin Bits: [0x0000000012000000, 0x0000000013000000)
 End Bits:   [0x0000000013000000, 0x0000000014000000)

Polling page: 0x00000000008f0000

CodeCache: size=245760Kb used=10802Kb max_used=10818Kb free=234957Kb
 bounds [0x00000000024d0000, 0x0000000002f70000, 0x00000000114d0000]
 total_blobs=2339 nmethods=2075 adapters=176
 compilation: enabled

Compilation events (10 events):
Event: 13.309 Thread 0x00000000024ca000 nmethod 2202 0x0000000002f5a8d0 code [0x0000000002f5ab40, 0x0000000002f5caf0]
Event: 13.309 Thread 0x00000000024ca000 2210 %     4       com.android.dx.ssa.SsaConverter::edgeSplitMoveExceptionsAndResults @ 12 (157 bytes)
Event: 13.313 Thread 0x00000000024ce800 2223       2       com.android.dx.dex.file.ParameterAnnotationStruct::<init> (127 bytes)
Event: 13.314 Thread 0x00000000024ce800 nmethod 2223 0x0000000002f2b310 code [0x0000000002f2b500, 0x0000000002f2bc98]
Event: 13.314 Thread 0x00000000024ce800 2224       2       com.android.dx.dex.file.UniformListItem::writeSize (28 bytes)
Event: 13.314 Thread 0x00000000024ce800 nmethod 2224 0x0000000002f2acd0 code [0x0000000002f2ae60, 0x0000000002f2b118]
Event: 13.370 Thread 0x00000000024ce800 2227   !   2       com.android.dx.cf.code.ExecutionStack::change (116 bytes)
Event: 13.371 Thread 0x00000000024ce800 nmethod 2227 0x0000000002f44690 code [0x0000000002f44920, 0x0000000002f453b8]
Event: 13.415 Thread 0x0000000014ba4800 nmethod 2178 0x0000000002f5f6d0 code [0x0000000002f5f9e0, 0x0000000002f61d18]
Event: 13.415 Thread 0x0000000014ba4800 2231   !   4       com.android.dx.cf.code.BytecodeArray::parseInstruction (2764 bytes)

GC Heap History (10 events):
Event: 6.713 GC heap before
{Heap before GC invocations=2 (full 0):
 PSYoungGen      total 38400K, used 38375K [0x00000000eab00000, 0x00000000ef600000, 0x0000000100000000)
  eden space 33280K, 100% used [0x00000000eab00000,0x00000000ecb80000,0x00000000ecb80000)
  from space 5120K, 99% used [0x00000000ecb80000,0x00000000ed079c78,0x00000000ed080000)
  to   space 5120K, 0% used [0x00000000ef100000,0x00000000ef100000,0x00000000ef600000)
 ParOldGen       total 87552K, used 1966K [0x00000000c0000000, 0x00000000c5580000, 0x00000000eab00000)
  object space 87552K, 2% used [0x00000000c0000000,0x00000000c01eba18,0x00000000c5580000)
 Metaspace       used 6230K, capacity 7096K, committed 7296K, reserved 1056768K
  class space    used 609K, capacity 624K, committed 640K, reserved 1048576K
Event: 6.836 GC heap after
Heap after GC invocations=2 (full 0):
 PSYoungGen      total 71680K, used 5105K [0x00000000eab00000, 0x00000000ef600000, 0x0000000100000000)
  eden space 66560K, 0% used [0x00000000eab00000,0x00000000eab00000,0x00000000eec00000)
  from space 5120K, 99% used [0x00000000ef100000,0x00000000ef5fc740,0x00000000ef600000)
  to   space 5120K, 0% used [0x00000000eec00000,0x00000000eec00000,0x00000000ef100000)
 ParOldGen       total 87552K, used 7555K [0x00000000c0000000, 0x00000000c5580000, 0x00000000eab00000)
  object space 87552K, 8% used [0x00000000c0000000,0x00000000c0760ec0,0x00000000c5580000)
 Metaspace       used 6230K, capacity 7096K, committed 7296K, reserved 1056768K
  class space    used 609K, capacity 624K, committed 640K, reserved 1048576K
}
Event: 9.348 GC heap before
{Heap before GC invocations=3 (full 0):
 PSYoungGen      total 71680K, used 71665K [0x00000000eab00000, 0x00000000ef600000, 0x0000000100000000)
  eden space 66560K, 100% used [0x00000000eab00000,0x00000000eec00000,0x00000000eec00000)
  from space 5120K, 99% used [0x00000000ef100000,0x00000000ef5fc740,0x00000000ef600000)
  to   space 5120K, 0% used [0x00000000eec00000,0x00000000eec00000,0x00000000ef100000)
 ParOldGen       total 87552K, used 7555K [0x00000000c0000000, 0x00000000c5580000, 0x00000000eab00000)
  object space 87552K, 8% used [0x00000000c0000000,0x00000000c0760ec0,0x00000000c5580000)
 Metaspace       used 6404K, capacity 7192K, committed 7424K, reserved 1056768K
  class space    used 630K, capacity 656K, committed 768K, reserved 1048576K
Event: 9.422 GC heap after
Heap after GC invocations=3 (full 0):
 PSYoungGen      total 71680K, used 5116K [0x00000000eab00000, 0x00000000f3700000, 0x0000000100000000)
  eden space 66560K, 0% used [0x00000000eab00000,0x00000000eab00000,0x00000000eec00000)
  from space 5120K, 99% used [0x00000000eec00000,0x00000000ef0ff148,0x00000000ef100000)
  to   space 5120K, 0% used [0x00000000f3200000,0x00000000f3200000,0x00000000f3700000)
 ParOldGen       total 87552K, used 17280K [0x00000000c0000000, 0x00000000c5580000, 0x00000000eab00000)
  object space 87552K, 19% used [0x00000000c0000000,0x00000000c10e0098,0x00000000c5580000)
 Metaspace       used 6404K, capacity 7192K, committed 7424K, reserved 1056768K
  class space    used 630K, capacity 656K, committed 768K, reserved 1048576K
}
Event: 10.156 GC heap before
{Heap before GC invocations=4 (full 0):
 PSYoungGen      total 71680K, used 71676K [0x00000000eab00000, 0x00000000f3700000, 0x0000000100000000)
  eden space 66560K, 100% used [0x00000000eab00000,0x00000000eec00000,0x00000000eec00000)
  from space 5120K, 99% used [0x00000000eec00000,0x00000000ef0ff148,0x00000000ef100000)
  to   space 5120K, 0% used [0x00000000f3200000,0x00000000f3200000,0x00000000f3700000)
 ParOldGen       total 87552K, used 17280K [0x00000000c0000000, 0x00000000c5580000, 0x00000000eab00000)
  object space 87552K, 19% used [0x00000000c0000000,0x00000000c10e0098,0x00000000c5580000)
 Metaspace       used 6446K, capacity 7256K, committed 7424K, reserved 1056768K
  class space    used 630K, capacity 656K, committed 768K, reserved 1048576K
Event: 10.417 GC heap after
Heap after GC invocations=4 (full 0):
 PSYoungGen      total 138240K, used 5112K [0x00000000eab00000, 0x00000000f3700000, 0x0000000100000000)
  eden space 133120K, 0% used [0x00000000eab00000,0x00000000eab00000,0x00000000f2d00000)
  from space 5120K, 99% used [0x00000000f3200000,0x00000000f36fe088,0x00000000f3700000)
  to   space 5120K, 0% used [0x00000000f2d00000,0x00000000f2d00000,0x00000000f3200000)
 ParOldGen       total 87552K, used 27901K [0x00000000c0000000, 0x00000000c5580000, 0x00000000eab00000)
  object space 87552K, 31% used [0x00000000c0000000,0x00000000c1b3f780,0x00000000c5580000)
 Metaspace       used 6446K, capacity 7256K, committed 7424K, reserved 1056768K
  class space    used 630K, capacity 656K, committed 768K, reserved 1048576K
}
Event: 11.797 GC heap before
{Heap before GC invocations=5 (full 0):
 PSYoungGen      total 138240K, used 138232K [0x00000000eab00000, 0x00000000f3700000, 0x0000000100000000)
  eden space 133120K, 100% used [0x00000000eab00000,0x00000000f2d00000,0x00000000f2d00000)
  from space 5120K, 99% used [0x00000000f3200000,0x00000000f36fe088,0x00000000f3700000)
  to   space 5120K, 0% used [0x00000000f2d00000,0x00000000f2d00000,0x00000000f3200000)
 ParOldGen       total 87552K, used 27901K [0x00000000c0000000, 0x00000000c5580000, 0x00000000eab00000)
  object space 87552K, 31% used [0x00000000c0000000,0x00000000c1b3f780,0x00000000c5580000)
 Metaspace       used 6475K, capacity 7256K, committed 7424K, reserved 1056768K
  class space    used 630K, capacity 656K, committed 768K, reserved 1048576K
Event: 11.866 GC heap after
Heap after GC invocations=5 (full 0):
 PSYoungGen      total 138240K, used 5102K [0x00000000eab00000, 0x00000000fe600000, 0x0000000100000000)
  eden space 133120K, 0% used [0x00000000eab00000,0x00000000eab00000,0x00000000f2d00000)
  from space 5120K, 99% used [0x00000000f2d00000,0x00000000f31fb8b0,0x00000000f3200000)
  to   space 28160K, 0% used [0x00000000fca80000,0x00000000fca80000,0x00000000fe600000)
 ParOldGen       total 87552K, used 50085K [0x00000000c0000000, 0x00000000c5580000, 0x00000000eab00000)
  object space 87552K, 57% used [0x00000000c0000000,0x00000000c30e97a0,0x00000000c5580000)
 Metaspace       used 6475K, capacity 7256K, committed 7424K, reserved 1056768K
  class space    used 630K, capacity 656K, committed 768K, reserved 1048576K
}
Event: 13.074 GC heap before
{Heap before GC invocations=6 (full 0):
 PSYoungGen      total 138240K, used 138222K [0x00000000eab00000, 0x00000000fe600000, 0x0000000100000000)
  eden space 133120K, 100% used [0x00000000eab00000,0x00000000f2d00000,0x00000000f2d00000)
  from space 5120K, 99% used [0x00000000f2d00000,0x00000000f31fb8b0,0x00000000f3200000)
  to   space 28160K, 0% used [0x00000000fca80000,0x00000000fca80000,0x00000000fe600000)
 ParOldGen       total 87552K, used 50085K [0x00000000c0000000, 0x00000000c5580000, 0x00000000eab00000)
  object space 87552K, 57% used [0x00000000c0000000,0x00000000c30e97a0,0x00000000c5580000)
 Metaspace       used 6492K, capacity 7256K, committed 7424K, reserved 1056768K
  class space    used 631K, capacity 656K, committed 768K, reserved 1048576K
Event: 13.305 GC heap after
Heap after GC invocations=6 (full 0):
 PSYoungGen      total 289792K, used 26486K [0x00000000eab00000, 0x00000000fef00000, 0x0000000100000000)
  eden space 261632K, 0% used [0x00000000eab00000,0x00000000eab00000,0x00000000faa80000)
  from space 28160K, 94% used [0x00000000fca80000,0x00000000fe45dbd0,0x00000000fe600000)
  to   space 32768K, 0% used [0x00000000faa80000,0x00000000faa80000,0x00000000fca80000)
 ParOldGen       total 87552K, used 50085K [0x00000000c0000000, 0x00000000c5580000, 0x00000000eab00000)
  object space 87552K, 57% used [0x00000000c0000000,0x00000000c30e97a0,0x00000000c5580000)
 Metaspace       used 6492K, capacity 7256K, committed 7424K, reserved 1056768K
  class space    used 631K, capacity 656K, committed 768K, reserved 1048576K
}

Deoptimization events (10 events):
Event: 9.816 Thread 0x00000000166c7000 Uncommon trap: reason=unstable_if action=reinterpret pc=0x0000000002bb6bbc method=com.android.dx.rop.code.RegisterSpecSet.localItemToSpec(Lcom/android/dx/rop/code/LocalItem;)Lcom/android/dx/rop/code/RegisterSpec; @ 35
Event: 9.832 Thread 0x00000000166c6800 Uncommon trap: reason=unstable_if action=reinterpret pc=0x0000000002b36bc8 method=java.util.HashMap.resize()[Ljava/util/HashMap$Node; @ 206
Event: 9.895 Thread 0x00000000166c3000 Uncommon trap: reason=bimorphic action=maybe_recompile pc=0x0000000002d9ec60 method=com.android.dx.cf.code.BytecodeArray.parseInstruction(ILcom/android/dx/cf/code/BytecodeArray$Visitor;)I @ 1161
Event: 9.896 Thread 0x00000000166c3000 Uncommon trap: reason=bimorphic action=maybe_recompile pc=0x0000000002d9ec60 method=com.android.dx.cf.code.BytecodeArray.parseInstruction(ILcom/android/dx/cf/code/BytecodeArray$Visitor;)I @ 1161
Event: 11.095 Thread 0x00000000166c7000 Uncommon trap: reason=unstable_if action=reinterpret pc=0x0000000002cccd18 method=com.android.dx.cf.code.BaseMachine.popArgs(Lcom/android/dx/cf/code/Frame;I)V @ 15
Event: 11.398 Thread 0x00000000023d1000 Uncommon trap: reason=unstable_if action=reinterpret pc=0x0000000002dc54fc method=com.android.dx.cf.code.Ropper.addOrReplaceBlock(Lcom/android/dx/rop/code/BasicBlock;Lcom/android/dx/util/IntList;)Z @ 24
Event: 12.551 Thread 0x00000000166c7000 Uncommon trap: reason=bimorphic action=maybe_recompile pc=0x0000000002e32de8 method=com.android.dx.cf.code.BytecodeArray.parseInstruction(ILcom/android/dx/cf/code/BytecodeArray$Visitor;)I @ 1549
Event: 12.551 Thread 0x00000000166c7000 Uncommon trap: reason=bimorphic action=maybe_recompile pc=0x0000000002e32de8 method=com.android.dx.cf.code.BytecodeArray.parseInstruction(ILcom/android/dx/cf/code/BytecodeArray$Visitor;)I @ 1549
Event: 13.408 Thread 0x00000000166c8000 Uncommon trap: reason=bimorphic action=maybe_recompile pc=0x0000000002f35ba0 method=com.android.dx.cf.code.BytecodeArray.parseInstruction(ILcom/android/dx/cf/code/BytecodeArray$Visitor;)I @ 2484
Event: 13.408 Thread 0x00000000166c8000 Uncommon trap: reason=bimorphic action=maybe_recompile pc=0x0000000002f35ba0 method=com.android.dx.cf.code.BytecodeArray.parseInstruction(ILcom/android/dx/cf/code/BytecodeArray$Visitor;)I @ 2484

Internal exceptions (6 events):
Event: 1.202 Thread 0x00000000023d1000 Exception <a 'java/lang/NoSuchMethodError': Method sun.misc.Unsafe.defineClass(Ljava/lang/String;[BII)Ljava/lang/Class; name or signature does not match> (0x00000000eab07ca8) thrown at [C:\re\workspace\8-2-build-windows-amd64-cygwin\jdk8u121\8372\hotspot\
Event: 1.202 Thread 0x00000000023d1000 Exception <a 'java/lang/NoSuchMethodError': Method sun.misc.Unsafe.prefetchRead(Ljava/lang/Object;J)V name or signature does not match> (0x00000000eab07f90) thrown at [C:\re\workspace\8-2-build-windows-amd64-cygwin\jdk8u121\8372\hotspot\src\share\vm\prims
Event: 6.367 Thread 0x00000000166c6800 Implicit null exception at 0x00000000028c57a2 to 0x00000000028c5892
Event: 8.703 Thread 0x00000000166c6800 Exception <a 'java/lang/ArrayIndexOutOfBoundsException': 18> (0x00000000edd07c88) thrown at [C:\re\workspace\8-2-build-windows-amd64-cygwin\jdk8u121\8372\hotspot\src\share\vm\interpreter\interpreterRuntime.cpp, line 366]
Event: 8.704 Thread 0x00000000166c6800 Exception <a 'java/lang/ArrayIndexOutOfBoundsException': 145> (0x00000000edd09808) thrown at [C:\re\workspace\8-2-build-windows-amd64-cygwin\jdk8u121\8372\hotspot\src\share\vm\interpreter\interpreterRuntime.cpp, line 366]
Event: 8.705 Thread 0x00000000166c6800 Exception <a 'java/lang/ArrayIndexOutOfBoundsException'> (0x00000000edd0aaf0) thrown at [C:\re\workspace\8-2-build-windows-amd64-cygwin\jdk8u121\8372\hotspot\src\share\vm\runtime\sharedRuntime.cpp, line 605]

Events (10 events):
Event: 12.578 Thread 0x00000000166c7000 DEOPT PACKING pc=0x0000000002de9748 sp=0x0000000016efe3d0
Event: 12.579 Thread 0x00000000166c7000 DEOPT UNPACKING pc=0x000000000251787f sp=0x0000000016efe108 mode 0
Event: 13.005 Executing VM operation: ParallelGCFailedAllocation
Event: 13.305 Executing VM operation: ParallelGCFailedAllocation done
Event: 13.408 Thread 0x00000000166c8000 Uncommon trap: trap_request=0xffffffc6 fr.pc=0x0000000002f35ba0
Event: 13.408 Thread 0x00000000166c8000 DEOPT PACKING pc=0x0000000002f35ba0 sp=0x0000000016ffe4b0
Event: 13.408 Thread 0x00000000166c8000 DEOPT UNPACKING pc=0x000000000251582a sp=0x0000000016ffe438 mode 2
Event: 13.408 Thread 0x00000000166c8000 Uncommon trap: trap_request=0xffffffc6 fr.pc=0x0000000002f35ba0
Event: 13.408 Thread 0x00000000166c8000 DEOPT PACKING pc=0x0000000002f35ba0 sp=0x0000000016ffe4b0
Event: 13.408 Thread 0x00000000166c8000 DEOPT UNPACKING pc=0x000000000251582a sp=0x0000000016ffe438 mode 2


Dynamic libraries:
0x00007ff767af0000 - 0x00007ff767b27000 	C:\Program Files\Java\jdk1.8.0_121\bin\java.exe
0x00007ff87ada0000 - 0x00007ff87af71000 	C:\Windows\SYSTEM32\ntdll.dll
0x00007ff878730000 - 0x00007ff8787db000 	C:\Windows\System32\KERNEL32.DLL
0x00007ff877860000 - 0x00007ff877a7d000 	C:\Windows\System32\KERNELBASE.dll
0x00007ff87a220000 - 0x00007ff87a2c2000 	C:\Windows\System32\ADVAPI32.dll
0x00007ff87aa50000 - 0x00007ff87aaee000 	C:\Windows\System32\msvcrt.dll
0x00007ff87a880000 - 0x00007ff87a8d9000 	C:\Windows\System32\sechost.dll
0x00007ff87a710000 - 0x00007ff87a831000 	C:\Windows\System32\RPCRT4.dll
0x00007ff87ab60000 - 0x00007ff87acc5000 	C:\Windows\System32\USER32.dll
0x00007ff877630000 - 0x00007ff87764e000 	C:\Windows\System32\win32u.dll
0x00007ff87a840000 - 0x00007ff87a874000 	C:\Windows\System32\GDI32.dll
0x00007ff877440000 - 0x00007ff8775c2000 	C:\Windows\System32\gdi32full.dll
0x00007ff86ccf0000 - 0x00007ff86cf6a000 	C:\Windows\WinSxS\amd64_microsoft.windows.common-controls_6595b64144ccf1df_6.0.14393.953_none_42151e83c686086b\COMCTL32.dll
0x00007ff87a2d0000 - 0x00007ff87a598000 	C:\Windows\System32\combase.dll
0x00007ff877650000 - 0x00007ff877745000 	C:\Windows\System32\ucrtbase.dll
0x00007ff877750000 - 0x00007ff8777ba000 	C:\Windows\System32\bcryptPrimitives.dll
0x00007ff878330000 - 0x00007ff87835e000 	C:\Windows\System32\IMM32.DLL
0x00007ff877110000 - 0x00007ff877140000 	C:\Windows\system32\DriverStore\FileRepository\nvltwu.inf_amd64_0221ce4ec0827f74\nvinitx.dll
0x00007ff877100000 - 0x00007ff87710a000 	C:\Windows\SYSTEM32\VERSION.dll
0x00007ff878d10000 - 0x00007ff87a219000 	C:\Windows\System32\Shell32.dll
0x00007ff8773f0000 - 0x00007ff877432000 	C:\Windows\System32\cfgmgr32.dll
0x00007ff877a80000 - 0x00007ff87815a000 	C:\Windows\System32\windows.storage.dll
0x00007ff877200000 - 0x00007ff87724c000 	C:\Windows\System32\powrprof.dll
0x00007ff878530000 - 0x00007ff878582000 	C:\Windows\System32\shlwapi.dll
0x00007ff877280000 - 0x00007ff87728f000 	C:\Windows\System32\kernel.appcore.dll
0x00007ff877290000 - 0x00007ff877339000 	C:\Windows\System32\shcore.dll
0x00007ff877260000 - 0x00007ff877274000 	C:\Windows\System32\profapi.dll
0x0000000064c20000 - 0x0000000064cf2000 	C:\Program Files\Java\jdk1.8.0_121\jre\bin\msvcr100.dll
0x0000000064380000 - 0x0000000064c1b000 	C:\Program Files\Java\jdk1.8.0_121\jre\bin\server\jvm.dll
0x00007ff87a700000 - 0x00007ff87a708000 	C:\Windows\System32\PSAPI.DLL
0x00007ff872190000 - 0x00007ff872199000 	C:\Windows\SYSTEM32\WSOCK32.dll
0x00007ff87aaf0000 - 0x00007ff87ab5a000 	C:\Windows\System32\WS2_32.dll
0x00007ff8750c0000 - 0x00007ff8750e3000 	C:\Windows\SYSTEM32\WINMM.dll
0x00007ff875090000 - 0x00007ff8750bb000 	C:\Windows\SYSTEM32\WINMMBASE.dll
0x0000000064370000 - 0x000000006437f000 	C:\Program Files\Java\jdk1.8.0_121\jre\bin\verify.dll
0x0000000064340000 - 0x0000000064369000 	C:\Program Files\Java\jdk1.8.0_121\jre\bin\java.dll
0x0000000064320000 - 0x0000000064336000 	C:\Program Files\Java\jdk1.8.0_121\jre\bin\zip.dll

VM Arguments:
jvm_args: -Djava.awt.headless=true -Xmx1024M -Dfile.encoding=windows-1251 -Duser.country=RU -Duser.language=ru -Duser.variant 
java_command: com.android.dx.command.Main --dex --num-threads=4 --output D:\Project\Portfolio\Test - PropertyCrossApp\android\app\build\intermediates\pre-dexed\debug\com.facebook.react-react-native-0.42.0_e08a63a2ed66c9e7fe94fa254e0db597b6269659.jar D:\Project\Portfolio\Test - PropertyCrossApp\android\app\build\intermediates\exploded-aar\com.facebook.react\react-native\0.42.0\jars\classes.jar
java_class_path (initial): C:\Users\Vladislav\AppData\Local\Android\sdk\build-tools\23.0.1\lib\dx.jar
Launcher Type: SUN_STANDARD

Environment Variables:
JAVA_HOME=C:\Program Files\Java\jdk1.8.0_121
CLASSPATH=D:\Project\Portfolio\Test - PropertyCrossApp\android\\gradle\wrapper\gradle-wrapper.jar
PATH=C:\ProgramData\Oracle\Java\javapath;C:\Windows\system32;C:\Windows;C:\Windows\System32\Wbem;C:\Windows\System32\WindowsPowerShell\v1.0\;C:\Program Files (x86)\NVIDIA Corporation\PhysX\Common;C:\Program Files (x86)\Skype\Phone\;C:\Program Files\MATLAB\R2016a\runtime\win64;C:\Program Files\MATLAB\R2016a\bin;C:\Program Files\MATLAB\R2016a\polyspace\bin;C:\Program Files\nodejs\;C:\Program Files\Git\cmd;C:\Users\Vladislav\AppData\Local\Microsoft\WindowsApps;C:\Users\Vladislav\AppData\Roaming\npm
USERNAME=Vladislav
OS=Windows_NT
PROCESSOR_IDENTIFIER=Intel64 Family 6 Model 42 Stepping 7, GenuineIntel



---------------  S Y S T E M  ---------------

OS: Windows 10.0 , 64 bit Build 14393 (10.0.14393.0)

CPU:total 4 (2 cores per cpu, 2 threads per core) family 6 model 42 stepping 7, cmov, cx8, fxsr, mmx, sse, sse2, sse3, ssse3, sse4.1, sse4.2, popcnt, avx, aes, clmul, ht, tsc, tscinvbit

Memory: 4k page, physical 8300684k(1661700k free), swap 8300684k(5348k free)

vm_info: Java HotSpot(TM) 64-Bit Server VM (25.121-b13) for windows-amd64 JRE (1.8.0_121-b13), built on Dec 12 2016 18:21:36 by "java_re" with MS VC++ 10.0 (VS2010)

time: Tue Mar 21 11:24:01 2017
elapsed time: 13 seconds (0d 0h 0m 13s)

